2019-09-18 20:08:44 INFO  Version:45 - HHH000412: Hibernate Core {5.2.17.Final}
2019-09-18 20:08:44 INFO  Environment:213 - HHH000206: hibernate.properties not found
2019-09-18 20:08:44 INFO  Version:66 - HCANN000001: Hibernate Commons Annotations {5.0.1.Final}
2019-09-18 20:08:45 INFO  Dialect:157 - HHH000400: Using dialect: org.hibernate.dialect.Oracle10gDialect
2019-09-18 20:11:35 INFO  QueryTranslatorFactoryInitiator:47 - HHH000397: Using ASTQueryTranslatorFactory
2019-09-18 20:13:20 INFO  Version:45 - HHH000412: Hibernate Core {5.2.17.Final}
2019-09-18 20:13:20 INFO  Environment:213 - HHH000206: hibernate.properties not found
2019-09-18 20:13:20 INFO  Version:66 - HCANN000001: Hibernate Commons Annotations {5.0.1.Final}
2019-09-18 20:13:21 INFO  Dialect:157 - HHH000400: Using dialect: org.hibernate.dialect.Oracle10gDialect
2019-09-18 20:15:24 INFO  QueryTranslatorFactoryInitiator:47 - HHH000397: Using ASTQueryTranslatorFactory
2019-09-18 20:15:30 INFO  Version:45 - HHH000412: Hibernate Core {5.2.17.Final}
2019-09-18 20:15:30 INFO  Environment:213 - HHH000206: hibernate.properties not found
2019-09-18 20:15:30 INFO  Version:66 - HCANN000001: Hibernate Commons Annotations {5.0.1.Final}
2019-09-18 20:15:30 INFO  Dialect:157 - HHH000400: Using dialect: org.hibernate.dialect.Oracle10gDialect
2019-09-18 20:16:41 INFO  Version:45 - HHH000412: Hibernate Core {5.2.17.Final}
2019-09-18 20:16:41 INFO  Environment:213 - HHH000206: hibernate.properties not found
2019-09-18 20:16:42 INFO  Version:66 - HCANN000001: Hibernate Commons Annotations {5.0.1.Final}
2019-09-18 20:16:42 INFO  Dialect:157 - HHH000400: Using dialect: org.hibernate.dialect.Oracle10gDialect
2019-09-18 20:16:50 INFO  Version:45 - HHH000412: Hibernate Core {5.2.17.Final}
2019-09-18 20:16:50 INFO  Environment:213 - HHH000206: hibernate.properties not found
2019-09-18 20:16:50 INFO  Version:66 - HCANN000001: Hibernate Commons Annotations {5.0.1.Final}
2019-09-18 20:16:51 INFO  Dialect:157 - HHH000400: Using dialect: org.hibernate.dialect.Oracle10gDialect
2019-09-18 20:22:21 INFO  QueryTranslatorFactoryInitiator:47 - HHH000397: Using ASTQueryTranslatorFactory
2019-09-18 20:22:52 INFO  Version:45 - HHH000412: Hibernate Core {5.2.17.Final}
2019-09-18 20:22:52 INFO  Environment:213 - HHH000206: hibernate.properties not found
2019-09-18 20:22:52 INFO  Version:66 - HCANN000001: Hibernate Commons Annotations {5.0.1.Final}
2019-09-18 20:22:53 INFO  Dialect:157 - HHH000400: Using dialect: org.hibernate.dialect.Oracle10gDialect
2019-09-18 20:25:34 INFO  QueryTranslatorFactoryInitiator:47 - HHH000397: Using ASTQueryTranslatorFactory
2019-09-18 20:25:35 INFO  LoggingAspect:18 - A user has logged in.
2019-09-19 14:48:40 INFO  Version:45 - HHH000412: Hibernate Core {5.2.17.Final}
2019-09-19 14:48:40 INFO  Environment:213 - HHH000206: hibernate.properties not found
2019-09-19 14:48:40 INFO  Version:66 - HCANN000001: Hibernate Commons Annotations {5.0.1.Final}
2019-09-19 14:49:41 WARN  JdbcEnvironmentInitiator:132 - HHH000342: Could not obtain connection to query metadata : IO Error: The Network Adapter could not establish the connection
2019-09-19 14:49:41 INFO  Dialect:157 - HHH000400: Using dialect: org.hibernate.dialect.Oracle10gDialect
2019-09-19 14:49:41 INFO  LobCreatorBuilderImpl:63 - HHH000422: Disabling contextual LOB creation as connection was null
2019-09-19 14:50:43 ERROR IdTableHelper:105 - Unable obtain JDBC Connection
java.sql.SQLRecoverableException: IO Error: The Network Adapter could not establish the connection
	at oracle.jdbc.driver.T4CConnection.logon(T4CConnection.java:673)
	at oracle.jdbc.driver.PhysicalConnection.<init>(PhysicalConnection.java:715)
	at oracle.jdbc.driver.T4CConnection.<init>(T4CConnection.java:385)
	at oracle.jdbc.driver.T4CDriverExtension.getConnection(T4CDriverExtension.java:30)
	at oracle.jdbc.driver.OracleDriver.connect(OracleDriver.java:564)
	at java.sql.DriverManager.getConnection(DriverManager.java:664)
	at java.sql.DriverManager.getConnection(DriverManager.java:208)
	at org.springframework.jdbc.datasource.DriverManagerDataSource.getConnectionFromDriverManager(DriverManagerDataSource.java:154)
	at org.springframework.jdbc.datasource.DriverManagerDataSource.getConnectionFromDriver(DriverManagerDataSource.java:145)
	at org.springframework.jdbc.datasource.AbstractDriverBasedDataSource.getConnectionFromDriver(AbstractDriverBasedDataSource.java:205)
	at org.springframework.jdbc.datasource.AbstractDriverBasedDataSource.getConnection(AbstractDriverBasedDataSource.java:169)
	at org.hibernate.engine.jdbc.connections.internal.DatasourceConnectionProviderImpl.getConnection(DatasourceConnectionProviderImpl.java:122)
	at org.hibernate.internal.SessionFactoryImpl$1.obtainConnection(SessionFactoryImpl.java:427)
	at org.hibernate.hql.spi.id.IdTableHelper.executeIdTableCreationStatements(IdTableHelper.java:67)
	at org.hibernate.hql.spi.id.global.GlobalTemporaryTableBulkIdStrategy.finishPreparation(GlobalTemporaryTableBulkIdStrategy.java:125)
	at org.hibernate.hql.spi.id.global.GlobalTemporaryTableBulkIdStrategy.finishPreparation(GlobalTemporaryTableBulkIdStrategy.java:42)
	at org.hibernate.hql.spi.id.AbstractMultiTableBulkIdStrategyImpl.prepare(AbstractMultiTableBulkIdStrategyImpl.java:88)
	at org.hibernate.internal.SessionFactoryImpl.<init>(SessionFactoryImpl.java:305)
	at org.hibernate.boot.internal.SessionFactoryBuilderImpl.build(SessionFactoryBuilderImpl.java:462)
	at org.hibernate.cfg.Configuration.buildSessionFactory(Configuration.java:710)
	at org.hibernate.cfg.Configuration.buildSessionFactory(Configuration.java:726)
	at org.springframework.orm.hibernate5.LocalSessionFactoryBean.buildSessionFactory(LocalSessionFactoryBean.java:535)
	at org.springframework.orm.hibernate5.LocalSessionFactoryBean.afterPropertiesSet(LocalSessionFactoryBean.java:519)
	at org.springframework.beans.factory.support.AbstractAutowireCapableBeanFactory.invokeInitMethods(AbstractAutowireCapableBeanFactory.java:1767)
	at org.springframework.beans.factory.support.AbstractAutowireCapableBeanFactory.initializeBean(AbstractAutowireCapableBeanFactory.java:1704)
	at org.springframework.beans.factory.support.AbstractAutowireCapableBeanFactory.doCreateBean(AbstractAutowireCapableBeanFactory.java:581)
	at org.springframework.beans.factory.support.AbstractAutowireCapableBeanFactory.createBean(AbstractAutowireCapableBeanFactory.java:503)
	at org.springframework.beans.factory.support.AbstractBeanFactory.lambda$doGetBean$0(AbstractBeanFactory.java:317)
	at org.springframework.beans.factory.support.DefaultSingletonBeanRegistry.getSingleton(DefaultSingletonBeanRegistry.java:222)
	at org.springframework.beans.factory.support.AbstractBeanFactory.doGetBean(AbstractBeanFactory.java:315)
	at org.springframework.beans.factory.support.AbstractBeanFactory.getBean(AbstractBeanFactory.java:199)
	at org.springframework.beans.factory.config.DependencyDescriptor.resolveCandidate(DependencyDescriptor.java:251)
	at org.springframework.beans.factory.support.DefaultListableBeanFactory.doResolveDependency(DefaultListableBeanFactory.java:1138)
	at org.springframework.beans.factory.support.DefaultListableBeanFactory.resolveDependency(DefaultListableBeanFactory.java:1065)
	at org.springframework.beans.factory.annotation.AutowiredAnnotationBeanPostProcessor$AutowiredFieldElement.inject(AutowiredAnnotationBeanPostProcessor.java:584)
	at org.springframework.beans.factory.annotation.InjectionMetadata.inject(InjectionMetadata.java:91)
	at org.springframework.beans.factory.annotation.AutowiredAnnotationBeanPostProcessor.postProcessPropertyValues(AutowiredAnnotationBeanPostProcessor.java:373)
	at org.springframework.beans.factory.support.AbstractAutowireCapableBeanFactory.populateBean(AbstractAutowireCapableBeanFactory.java:1350)
	at org.springframework.beans.factory.support.AbstractAutowireCapableBeanFactory.doCreateBean(AbstractAutowireCapableBeanFactory.java:580)
	at org.springframework.beans.factory.support.AbstractAutowireCapableBeanFactory.createBean(AbstractAutowireCapableBeanFactory.java:503)
	at org.springframework.beans.factory.support.AbstractBeanFactory.lambda$doGetBean$0(AbstractBeanFactory.java:317)
	at org.springframework.beans.factory.support.DefaultSingletonBeanRegistry.getSingleton(DefaultSingletonBeanRegistry.java:222)
	at org.springframework.beans.factory.support.AbstractBeanFactory.doGetBean(AbstractBeanFactory.java:315)
	at org.springframework.beans.factory.support.AbstractBeanFactory.getBean(AbstractBeanFactory.java:199)
	at org.springframework.beans.factory.support.DefaultListableBeanFactory.preInstantiateSingletons(DefaultListableBeanFactory.java:760)
	at org.springframework.context.support.AbstractApplicationContext.finishBeanFactoryInitialization(AbstractApplicationContext.java:869)
	at org.springframework.context.support.AbstractApplicationContext.refresh(AbstractApplicationContext.java:550)
	at org.springframework.web.context.ContextLoader.configureAndRefreshWebApplicationContext(ContextLoader.java:409)
	at org.springframework.web.context.ContextLoader.initWebApplicationContext(ContextLoader.java:291)
	at org.springframework.web.context.ContextLoaderListener.contextInitialized(ContextLoaderListener.java:103)
	at org.apache.catalina.core.StandardContext.listenerStart(StandardContext.java:4682)
	at org.apache.catalina.core.StandardContext.startInternal(StandardContext.java:5143)
	at org.apache.catalina.util.LifecycleBase.start(LifecycleBase.java:183)
	at org.apache.catalina.core.ContainerBase$StartChild.call(ContainerBase.java:1384)
	at org.apache.catalina.core.ContainerBase$StartChild.call(ContainerBase.java:1374)
	at java.util.concurrent.FutureTask.run(FutureTask.java:266)
	at org.apache.tomcat.util.threads.InlineExecutorService.execute(InlineExecutorService.java:75)
	at java.util.concurrent.AbstractExecutorService.submit(AbstractExecutorService.java:134)
	at org.apache.catalina.core.ContainerBase.startInternal(ContainerBase.java:909)
	at org.apache.catalina.core.StandardHost.startInternal(StandardHost.java:841)
	at org.apache.catalina.util.LifecycleBase.start(LifecycleBase.java:183)
	at org.apache.catalina.core.ContainerBase$StartChild.call(ContainerBase.java:1384)
	at org.apache.catalina.core.ContainerBase$StartChild.call(ContainerBase.java:1374)
	at java.util.concurrent.FutureTask.run(FutureTask.java:266)
	at org.apache.tomcat.util.threads.InlineExecutorService.execute(InlineExecutorService.java:75)
	at java.util.concurrent.AbstractExecutorService.submit(AbstractExecutorService.java:134)
	at org.apache.catalina.core.ContainerBase.startInternal(ContainerBase.java:909)
	at org.apache.catalina.core.StandardEngine.startInternal(StandardEngine.java:262)
	at org.apache.catalina.util.LifecycleBase.start(LifecycleBase.java:183)
	at org.apache.catalina.core.StandardService.startInternal(StandardService.java:421)
	at org.apache.catalina.util.LifecycleBase.start(LifecycleBase.java:183)
	at org.apache.catalina.core.StandardServer.startInternal(StandardServer.java:932)
	at org.apache.catalina.util.LifecycleBase.start(LifecycleBase.java:183)
	at org.apache.catalina.startup.Catalina.start(Catalina.java:633)
	at sun.reflect.NativeMethodAccessorImpl.invoke0(Native Method)
	at sun.reflect.NativeMethodAccessorImpl.invoke(NativeMethodAccessorImpl.java:62)
	at sun.reflect.DelegatingMethodAccessorImpl.invoke(DelegatingMethodAccessorImpl.java:43)
	at java.lang.reflect.Method.invoke(Method.java:498)
	at org.apache.catalina.startup.Bootstrap.start(Bootstrap.java:344)
	at org.apache.catalina.startup.Bootstrap.main(Bootstrap.java:475)
Caused by: oracle.net.ns.NetException: The Network Adapter could not establish the connection
	at oracle.net.nt.ConnStrategy.execute(ConnStrategy.java:445)
	at oracle.net.resolver.AddrResolution.resolveAndExecute(AddrResolution.java:464)
	at oracle.net.ns.NSProtocol.establishConnection(NSProtocol.java:594)
	at oracle.net.ns.NSProtocol.connect(NSProtocol.java:229)
	at oracle.jdbc.driver.T4CConnection.connect(T4CConnection.java:1360)
	at oracle.jdbc.driver.T4CConnection.logon(T4CConnection.java:486)
	... 79 more
Caused by: java.net.SocketTimeoutException: connect timed out
	at java.net.PlainSocketImpl.socketConnect(Native Method)
	at java.net.AbstractPlainSocketImpl.doConnect(AbstractPlainSocketImpl.java:350)
	at java.net.AbstractPlainSocketImpl.connectToAddress(AbstractPlainSocketImpl.java:206)
	at java.net.AbstractPlainSocketImpl.connect(AbstractPlainSocketImpl.java:188)
	at java.net.SocksSocketImpl.connect(SocksSocketImpl.java:392)
	at java.net.Socket.connect(Socket.java:589)
	at oracle.net.nt.TcpNTAdapter.connect(TcpNTAdapter.java:162)
	at oracle.net.nt.ConnOption.connect(ConnOption.java:133)
	at oracle.net.nt.ConnStrategy.execute(ConnStrategy.java:411)
	... 84 more
2019-09-19 14:51:43 WARN  SqlExceptionHelper:129 - SQL Error: 17002, SQLState: 08006
2019-09-19 14:51:43 ERROR SqlExceptionHelper:131 - IO Error: The Network Adapter could not establish the connection
2019-09-19 19:59:37 INFO  Version:45 - HHH000412: Hibernate Core {5.2.17.Final}
2019-09-19 19:59:37 INFO  Environment:213 - HHH000206: hibernate.properties not found
2019-09-19 19:59:37 INFO  Version:66 - HCANN000001: Hibernate Commons Annotations {5.0.1.Final}
2019-09-19 19:59:39 INFO  Dialect:157 - HHH000400: Using dialect: org.hibernate.dialect.Oracle10gDialect
2019-09-19 20:04:39 INFO  QueryTranslatorFactoryInitiator:47 - HHH000397: Using ASTQueryTranslatorFactory
2019-09-19 20:04:40 INFO  LoggingAspect:18 - A user has logged in.
2019-09-19 20:05:00 INFO  LoggingAspect:18 - A user has logged in.
2019-09-19 20:05:07 INFO  LoggingAspect:18 - A user has logged in.
2019-09-19 20:05:31 INFO  LoggingAspect:18 - A user has logged in.
2019-09-20 09:41:27 INFO  Version:45 - HHH000412: Hibernate Core {5.2.17.Final}
2019-09-20 09:41:27 INFO  Environment:213 - HHH000206: hibernate.properties not found
2019-09-20 09:41:27 INFO  Version:66 - HCANN000001: Hibernate Commons Annotations {5.0.1.Final}
2019-09-20 09:41:29 INFO  Dialect:157 - HHH000400: Using dialect: org.hibernate.dialect.Oracle10gDialect
2019-09-20 09:47:03 INFO  QueryTranslatorFactoryInitiator:47 - HHH000397: Using ASTQueryTranslatorFactory
2019-09-20 09:47:04 INFO  LoggingAspect:18 - A user has logged in.
2019-09-20 09:47:15 INFO  LoggingAspect:18 - A user has logged in.
2019-09-20 09:47:43 INFO  LoggingAspect:18 - A user has logged in.
2019-09-20 09:47:44 INFO  LoggingAspect:18 - A user has logged in.
2019-09-20 09:49:22 INFO  LoggingAspect:18 - A user has logged in.
2019-09-20 09:49:54 INFO  LoggingAspect:18 - A user has logged in.
2019-09-20 10:04:01 INFO  LoggingAspect:18 - A user has logged in.
2019-09-20 10:05:21 INFO  LoggingAspect:18 - A user has logged in.
2019-09-20 12:52:20 INFO  LoggingAspect:18 - A user has logged in.
2019-09-20 12:55:10 INFO  LoggingAspect:18 - A user has logged in.
2019-09-20 12:55:10 INFO  LoggingAspect:18 - A user has logged in.
2019-09-20 12:56:20 INFO  LoggingAspect:18 - A user has logged in.
2019-09-20 12:58:51 INFO  LoggingAspect:18 - A user has logged in.
2019-09-20 13:52:28 INFO  LoggingAspect:18 - A user has logged in.
2019-09-20 15:05:49 INFO  LoggingAspect:18 - A user has logged in.
2019-09-20 15:08:01 INFO  Version:45 - HHH000412: Hibernate Core {5.2.17.Final}
2019-09-20 15:08:01 INFO  Environment:213 - HHH000206: hibernate.properties not found
2019-09-20 15:08:01 INFO  Version:66 - HCANN000001: Hibernate Commons Annotations {5.0.1.Final}
2019-09-20 15:08:02 INFO  Dialect:157 - HHH000400: Using dialect: org.hibernate.dialect.Oracle10gDialect
2019-09-20 15:15:33 INFO  QueryTranslatorFactoryInitiator:47 - HHH000397: Using ASTQueryTranslatorFactory
2019-09-20 15:15:34 INFO  LoggingAspect:18 - A user has logged in.
2019-09-21 19:22:14 INFO  Version:45 - HHH000412: Hibernate Core {5.2.17.Final}
2019-09-21 19:22:14 INFO  Environment:213 - HHH000206: hibernate.properties not found
2019-09-21 19:22:14 INFO  Version:66 - HCANN000001: Hibernate Commons Annotations {5.0.1.Final}
2019-09-21 19:22:15 INFO  Dialect:157 - HHH000400: Using dialect: org.hibernate.dialect.Oracle10gDialect
2019-09-21 19:26:10 INFO  QueryTranslatorFactoryInitiator:47 - HHH000397: Using ASTQueryTranslatorFactory
2019-09-21 19:26:11 INFO  LoggingAspect:18 - A user has logged in.
2019-09-21 19:37:54 INFO  LoggingAspect:18 - A user has logged in.
2019-09-21 19:40:49 INFO  LoggingAspect:18 - A user has logged in.
2019-09-21 19:45:33 INFO  LoggingAspect:18 - A user has logged in.
2019-09-21 19:46:10 INFO  LoggingAspect:18 - A user has logged in.
2019-09-21 19:48:15 INFO  LoggingAspect:18 - A user has logged in.
2019-09-21 19:48:41 INFO  LoggingAspect:18 - A user has logged in.
2019-09-21 19:53:54 INFO  LoggingAspect:18 - A user has logged in.
2019-09-21 19:53:57 INFO  LoggingAspect:18 - A user has logged in.
2019-09-21 19:53:57 INFO  LoggingAspect:18 - A user has logged in.
2019-09-21 19:53:58 INFO  LoggingAspect:18 - A user has logged in.
2019-09-21 19:54:01 INFO  LoggingAspect:18 - A user has logged in.
2019-09-21 19:54:01 INFO  LoggingAspect:18 - A user has logged in.
2019-09-21 19:54:02 INFO  LoggingAspect:18 - A user has logged in.
2019-09-21 19:54:02 INFO  LoggingAspect:18 - A user has logged in.
2019-09-21 19:54:06 INFO  LoggingAspect:18 - A user has logged in.
2019-09-22 13:39:52 INFO  ContextLoader:270 - Root WebApplicationContext: initialization started
2019-09-22 13:39:52 INFO  XmlWebApplicationContext:590 - Refreshing Root WebApplicationContext: startup date [Sun Sep 22 13:39:52 EDT 2019]; root of context hierarchy
2019-09-22 13:39:52 INFO  XmlBeanDefinitionReader:316 - Loading XML bean definitions from ServletContext resource [/WEB-INF/applicationContext.xml]
2019-09-22 13:39:52 ERROR ContextLoader:316 - Context initialization failed
org.springframework.beans.factory.BeanDefinitionStoreException: Failed to read candidate component class: file [/Users/danny/Documents/workspace-sts-3.9.4.RELEASE/.metadata/.plugins/org.eclipse.wst.server.core/tmp0/wtpwebapps/Project2Spring/WEB-INF/classes/com/project2/socialmedia/utiles/SendMail$1.class]; nested exception is java.lang.ArrayIndexOutOfBoundsException: 27759
	at org.springframework.context.annotation.ClassPathScanningCandidateComponentProvider.scanCandidateComponents(ClassPathScanningCandidateComponentProvider.java:454)
	at org.springframework.context.annotation.ClassPathScanningCandidateComponentProvider.findCandidateComponents(ClassPathScanningCandidateComponentProvider.java:316)
	at org.springframework.context.annotation.ClassPathBeanDefinitionScanner.doScan(ClassPathBeanDefinitionScanner.java:275)
	at org.springframework.context.annotation.ComponentScanBeanDefinitionParser.parse(ComponentScanBeanDefinitionParser.java:90)
	at org.springframework.beans.factory.xml.NamespaceHandlerSupport.parse(NamespaceHandlerSupport.java:74)
	at org.springframework.beans.factory.xml.BeanDefinitionParserDelegate.parseCustomElement(BeanDefinitionParserDelegate.java:1366)
	at org.springframework.beans.factory.xml.BeanDefinitionParserDelegate.parseCustomElement(BeanDefinitionParserDelegate.java:1352)
	at org.springframework.beans.factory.xml.DefaultBeanDefinitionDocumentReader.parseBeanDefinitions(DefaultBeanDefinitionDocumentReader.java:178)
	at org.springframework.beans.factory.xml.DefaultBeanDefinitionDocumentReader.doRegisterBeanDefinitions(DefaultBeanDefinitionDocumentReader.java:148)
	at org.springframework.beans.factory.xml.DefaultBeanDefinitionDocumentReader.registerBeanDefinitions(DefaultBeanDefinitionDocumentReader.java:98)
	at org.springframework.beans.factory.xml.XmlBeanDefinitionReader.registerBeanDefinitions(XmlBeanDefinitionReader.java:507)
	at org.springframework.beans.factory.xml.XmlBeanDefinitionReader.doLoadBeanDefinitions(XmlBeanDefinitionReader.java:391)
	at org.springframework.beans.factory.xml.XmlBeanDefinitionReader.loadBeanDefinitions(XmlBeanDefinitionReader.java:335)
	at org.springframework.beans.factory.xml.XmlBeanDefinitionReader.loadBeanDefinitions(XmlBeanDefinitionReader.java:303)
	at org.springframework.beans.factory.support.AbstractBeanDefinitionReader.loadBeanDefinitions(AbstractBeanDefinitionReader.java:187)
	at org.springframework.beans.factory.support.AbstractBeanDefinitionReader.loadBeanDefinitions(AbstractBeanDefinitionReader.java:223)
	at org.springframework.beans.factory.support.AbstractBeanDefinitionReader.loadBeanDefinitions(AbstractBeanDefinitionReader.java:194)
	at org.springframework.web.context.support.XmlWebApplicationContext.loadBeanDefinitions(XmlWebApplicationContext.java:125)
	at org.springframework.web.context.support.XmlWebApplicationContext.loadBeanDefinitions(XmlWebApplicationContext.java:94)
	at org.springframework.context.support.AbstractRefreshableApplicationContext.refreshBeanFactory(AbstractRefreshableApplicationContext.java:133)
	at org.springframework.context.support.AbstractApplicationContext.obtainFreshBeanFactory(AbstractApplicationContext.java:621)
	at org.springframework.context.support.AbstractApplicationContext.refresh(AbstractApplicationContext.java:522)
	at org.springframework.web.context.ContextLoader.configureAndRefreshWebApplicationContext(ContextLoader.java:409)
	at org.springframework.web.context.ContextLoader.initWebApplicationContext(ContextLoader.java:291)
	at org.springframework.web.context.ContextLoaderListener.contextInitialized(ContextLoaderListener.java:103)
	at org.apache.catalina.core.StandardContext.listenerStart(StandardContext.java:4682)
	at org.apache.catalina.core.StandardContext.startInternal(StandardContext.java:5143)
	at org.apache.catalina.util.LifecycleBase.start(LifecycleBase.java:183)
	at org.apache.catalina.core.ContainerBase$StartChild.call(ContainerBase.java:1384)
	at org.apache.catalina.core.ContainerBase$StartChild.call(ContainerBase.java:1374)
	at java.util.concurrent.FutureTask.run(FutureTask.java:266)
	at org.apache.tomcat.util.threads.InlineExecutorService.execute(InlineExecutorService.java:75)
	at java.util.concurrent.AbstractExecutorService.submit(AbstractExecutorService.java:134)
	at org.apache.catalina.core.ContainerBase.startInternal(ContainerBase.java:909)
	at org.apache.catalina.core.StandardHost.startInternal(StandardHost.java:841)
	at org.apache.catalina.util.LifecycleBase.start(LifecycleBase.java:183)
	at org.apache.catalina.core.ContainerBase$StartChild.call(ContainerBase.java:1384)
	at org.apache.catalina.core.ContainerBase$StartChild.call(ContainerBase.java:1374)
	at java.util.concurrent.FutureTask.run(FutureTask.java:266)
	at org.apache.tomcat.util.threads.InlineExecutorService.execute(InlineExecutorService.java:75)
	at java.util.concurrent.AbstractExecutorService.submit(AbstractExecutorService.java:134)
	at org.apache.catalina.core.ContainerBase.startInternal(ContainerBase.java:909)
	at org.apache.catalina.core.StandardEngine.startInternal(StandardEngine.java:262)
	at org.apache.catalina.util.LifecycleBase.start(LifecycleBase.java:183)
	at org.apache.catalina.core.StandardService.startInternal(StandardService.java:421)
	at org.apache.catalina.util.LifecycleBase.start(LifecycleBase.java:183)
	at org.apache.catalina.core.StandardServer.startInternal(StandardServer.java:932)
	at org.apache.catalina.util.LifecycleBase.start(LifecycleBase.java:183)
	at org.apache.catalina.startup.Catalina.start(Catalina.java:633)
	at sun.reflect.NativeMethodAccessorImpl.invoke0(Native Method)
	at sun.reflect.NativeMethodAccessorImpl.invoke(NativeMethodAccessorImpl.java:62)
	at sun.reflect.DelegatingMethodAccessorImpl.invoke(DelegatingMethodAccessorImpl.java:43)
	at java.lang.reflect.Method.invoke(Method.java:498)
	at org.apache.catalina.startup.Bootstrap.start(Bootstrap.java:344)
	at org.apache.catalina.startup.Bootstrap.main(Bootstrap.java:475)
Caused by: java.lang.ArrayIndexOutOfBoundsException: 27759
	at org.springframework.asm.ClassReader.readStringish(ClassReader.java:2681)
	at org.springframework.asm.ClassReader.readClass(ClassReader.java:2698)
	at org.springframework.asm.ClassReader.accept(ClassReader.java:563)
	at org.springframework.asm.ClassReader.accept(ClassReader.java:527)
	at org.springframework.core.type.classreading.SimpleMetadataReader.<init>(SimpleMetadataReader.java:65)
	at org.springframework.core.type.classreading.SimpleMetadataReaderFactory.getMetadataReader(SimpleMetadataReaderFactory.java:103)
	at org.springframework.core.type.classreading.CachingMetadataReaderFactory.getMetadataReader(CachingMetadataReaderFactory.java:123)
	at org.springframework.context.annotation.ClassPathScanningCandidateComponentProvider.scanCandidateComponents(ClassPathScanningCandidateComponentProvider.java:430)
	... 54 more
2019-09-22 13:39:52 INFO  XmlWebApplicationContext:993 - Closing Root WebApplicationContext: startup date [Sun Sep 22 13:39:52 EDT 2019]; root of context hierarchy
2019-09-22 13:42:36 INFO  ContextLoader:270 - Root WebApplicationContext: initialization started
2019-09-22 13:42:36 INFO  XmlWebApplicationContext:590 - Refreshing Root WebApplicationContext: startup date [Sun Sep 22 13:42:36 EDT 2019]; root of context hierarchy
2019-09-22 13:42:36 INFO  XmlBeanDefinitionReader:316 - Loading XML bean definitions from ServletContext resource [/WEB-INF/applicationContext.xml]
2019-09-22 13:42:36 INFO  DefaultListableBeanFactory:824 - Overriding bean definition for bean 'userRepo' with a different definition: replacing [Generic bean: class [com.project2.socialmedia.dao.UserDAO]; scope=singleton; abstract=false; lazyInit=false; autowireMode=0; dependencyCheck=0; autowireCandidate=true; primary=false; factoryBeanName=null; factoryMethodName=null; initMethodName=null; destroyMethodName=null; defined in file [/Users/danny/Documents/workspace-sts-3.9.4.RELEASE/.metadata/.plugins/org.eclipse.wst.server.core/tmp0/wtpwebapps/Project2Spring/WEB-INF/classes/com/project2/socialmedia/dao/UserDAO.class]] with [Generic bean: class [com.project2.socialmedia.dao.UserDAO]; scope=singleton; abstract=false; lazyInit=false; autowireMode=0; dependencyCheck=0; autowireCandidate=true; primary=false; factoryBeanName=null; factoryMethodName=null; initMethodName=null; destroyMethodName=null; defined in ServletContext resource [/WEB-INF/applicationContext.xml]]
2019-09-22 13:42:36 INFO  DefaultListableBeanFactory:824 - Overriding bean definition for bean 'postRepo' with a different definition: replacing [Generic bean: class [com.project2.socialmedia.dao.PostDAO]; scope=singleton; abstract=false; lazyInit=false; autowireMode=0; dependencyCheck=0; autowireCandidate=true; primary=false; factoryBeanName=null; factoryMethodName=null; initMethodName=null; destroyMethodName=null; defined in file [/Users/danny/Documents/workspace-sts-3.9.4.RELEASE/.metadata/.plugins/org.eclipse.wst.server.core/tmp0/wtpwebapps/Project2Spring/WEB-INF/classes/com/project2/socialmedia/dao/PostDAO.class]] with [Generic bean: class [com.project2.socialmedia.dao.PostDAO]; scope=singleton; abstract=false; lazyInit=false; autowireMode=0; dependencyCheck=0; autowireCandidate=true; primary=false; factoryBeanName=null; factoryMethodName=null; initMethodName=null; destroyMethodName=null; defined in ServletContext resource [/WEB-INF/applicationContext.xml]]
2019-09-22 13:42:37 INFO  DriverManagerDataSource:153 - Loaded JDBC driver: oracle.jdbc.driver.OracleDriver
2019-09-22 13:42:38 INFO  Version:45 - HHH000412: Hibernate Core {5.2.17.Final}
2019-09-22 13:42:38 INFO  Environment:213 - HHH000206: hibernate.properties not found
2019-09-22 13:42:38 INFO  Version:66 - HCANN000001: Hibernate Commons Annotations {5.0.1.Final}
2019-09-22 13:42:39 INFO  Dialect:157 - HHH000400: Using dialect: org.hibernate.dialect.Oracle10gDialect
2019-09-22 13:42:46 WARN  XmlWebApplicationContext:558 - Exception encountered during context initialization - cancelling refresh attempt: org.springframework.beans.factory.UnsatisfiedDependencyException: Error creating bean with name 'awsSignatureController': Unsatisfied dependency expressed through field 's3Util'; nested exception is org.springframework.beans.factory.BeanCreationException: Error creating bean with name 's3Util' defined in ServletContext resource [/WEB-INF/applicationContext.xml]: Invocation of init method failed; nested exception is java.lang.IllegalArgumentException: Secret key cannot be null.
2019-09-22 13:42:46 ERROR ContextLoader:316 - Context initialization failed
org.springframework.beans.factory.UnsatisfiedDependencyException: Error creating bean with name 'awsSignatureController': Unsatisfied dependency expressed through field 's3Util'; nested exception is org.springframework.beans.factory.BeanCreationException: Error creating bean with name 's3Util' defined in ServletContext resource [/WEB-INF/applicationContext.xml]: Invocation of init method failed; nested exception is java.lang.IllegalArgumentException: Secret key cannot be null.
	at org.springframework.beans.factory.annotation.AutowiredAnnotationBeanPostProcessor$AutowiredFieldElement.inject(AutowiredAnnotationBeanPostProcessor.java:587)
	at org.springframework.beans.factory.annotation.InjectionMetadata.inject(InjectionMetadata.java:91)
	at org.springframework.beans.factory.annotation.AutowiredAnnotationBeanPostProcessor.postProcessPropertyValues(AutowiredAnnotationBeanPostProcessor.java:373)
	at org.springframework.beans.factory.support.AbstractAutowireCapableBeanFactory.populateBean(AbstractAutowireCapableBeanFactory.java:1350)
	at org.springframework.beans.factory.support.AbstractAutowireCapableBeanFactory.doCreateBean(AbstractAutowireCapableBeanFactory.java:580)
	at org.springframework.beans.factory.support.AbstractAutowireCapableBeanFactory.createBean(AbstractAutowireCapableBeanFactory.java:503)
	at org.springframework.beans.factory.support.AbstractBeanFactory.lambda$doGetBean$0(AbstractBeanFactory.java:317)
	at org.springframework.beans.factory.support.DefaultSingletonBeanRegistry.getSingleton(DefaultSingletonBeanRegistry.java:222)
	at org.springframework.beans.factory.support.AbstractBeanFactory.doGetBean(AbstractBeanFactory.java:315)
	at org.springframework.beans.factory.support.AbstractBeanFactory.getBean(AbstractBeanFactory.java:199)
	at org.springframework.beans.factory.support.DefaultListableBeanFactory.preInstantiateSingletons(DefaultListableBeanFactory.java:760)
	at org.springframework.context.support.AbstractApplicationContext.finishBeanFactoryInitialization(AbstractApplicationContext.java:869)
	at org.springframework.context.support.AbstractApplicationContext.refresh(AbstractApplicationContext.java:550)
	at org.springframework.web.context.ContextLoader.configureAndRefreshWebApplicationContext(ContextLoader.java:409)
	at org.springframework.web.context.ContextLoader.initWebApplicationContext(ContextLoader.java:291)
	at org.springframework.web.context.ContextLoaderListener.contextInitialized(ContextLoaderListener.java:103)
	at org.apache.catalina.core.StandardContext.listenerStart(StandardContext.java:4682)
	at org.apache.catalina.core.StandardContext.startInternal(StandardContext.java:5143)
	at org.apache.catalina.util.LifecycleBase.start(LifecycleBase.java:183)
	at org.apache.catalina.core.ContainerBase$StartChild.call(ContainerBase.java:1384)
	at org.apache.catalina.core.ContainerBase$StartChild.call(ContainerBase.java:1374)
	at java.util.concurrent.FutureTask.run(FutureTask.java:266)
	at org.apache.tomcat.util.threads.InlineExecutorService.execute(InlineExecutorService.java:75)
	at java.util.concurrent.AbstractExecutorService.submit(AbstractExecutorService.java:134)
	at org.apache.catalina.core.ContainerBase.startInternal(ContainerBase.java:909)
	at org.apache.catalina.core.StandardHost.startInternal(StandardHost.java:841)
	at org.apache.catalina.util.LifecycleBase.start(LifecycleBase.java:183)
	at org.apache.catalina.core.ContainerBase$StartChild.call(ContainerBase.java:1384)
	at org.apache.catalina.core.ContainerBase$StartChild.call(ContainerBase.java:1374)
	at java.util.concurrent.FutureTask.run(FutureTask.java:266)
	at org.apache.tomcat.util.threads.InlineExecutorService.execute(InlineExecutorService.java:75)
	at java.util.concurrent.AbstractExecutorService.submit(AbstractExecutorService.java:134)
	at org.apache.catalina.core.ContainerBase.startInternal(ContainerBase.java:909)
	at org.apache.catalina.core.StandardEngine.startInternal(StandardEngine.java:262)
	at org.apache.catalina.util.LifecycleBase.start(LifecycleBase.java:183)
	at org.apache.catalina.core.StandardService.startInternal(StandardService.java:421)
	at org.apache.catalina.util.LifecycleBase.start(LifecycleBase.java:183)
	at org.apache.catalina.core.StandardServer.startInternal(StandardServer.java:932)
	at org.apache.catalina.util.LifecycleBase.start(LifecycleBase.java:183)
	at org.apache.catalina.startup.Catalina.start(Catalina.java:633)
	at sun.reflect.NativeMethodAccessorImpl.invoke0(Native Method)
	at sun.reflect.NativeMethodAccessorImpl.invoke(NativeMethodAccessorImpl.java:62)
	at sun.reflect.DelegatingMethodAccessorImpl.invoke(DelegatingMethodAccessorImpl.java:43)
	at java.lang.reflect.Method.invoke(Method.java:498)
	at org.apache.catalina.startup.Bootstrap.start(Bootstrap.java:344)
	at org.apache.catalina.startup.Bootstrap.main(Bootstrap.java:475)
Caused by: org.springframework.beans.factory.BeanCreationException: Error creating bean with name 's3Util' defined in ServletContext resource [/WEB-INF/applicationContext.xml]: Invocation of init method failed; nested exception is java.lang.IllegalArgumentException: Secret key cannot be null.
	at org.springframework.beans.factory.support.AbstractAutowireCapableBeanFactory.initializeBean(AbstractAutowireCapableBeanFactory.java:1708)
	at org.springframework.beans.factory.support.AbstractAutowireCapableBeanFactory.doCreateBean(AbstractAutowireCapableBeanFactory.java:581)
	at org.springframework.beans.factory.support.AbstractAutowireCapableBeanFactory.createBean(AbstractAutowireCapableBeanFactory.java:503)
	at org.springframework.beans.factory.support.AbstractBeanFactory.lambda$doGetBean$0(AbstractBeanFactory.java:317)
	at org.springframework.beans.factory.support.DefaultSingletonBeanRegistry.getSingleton(DefaultSingletonBeanRegistry.java:222)
	at org.springframework.beans.factory.support.AbstractBeanFactory.doGetBean(AbstractBeanFactory.java:315)
	at org.springframework.beans.factory.support.AbstractBeanFactory.getBean(AbstractBeanFactory.java:199)
	at org.springframework.beans.factory.config.DependencyDescriptor.resolveCandidate(DependencyDescriptor.java:251)
	at org.springframework.beans.factory.support.DefaultListableBeanFactory.doResolveDependency(DefaultListableBeanFactory.java:1138)
	at org.springframework.beans.factory.support.DefaultListableBeanFactory.resolveDependency(DefaultListableBeanFactory.java:1065)
	at org.springframework.beans.factory.annotation.AutowiredAnnotationBeanPostProcessor$AutowiredFieldElement.inject(AutowiredAnnotationBeanPostProcessor.java:584)
	... 45 more
Caused by: java.lang.IllegalArgumentException: Secret key cannot be null.
	at com.amazonaws.auth.BasicAWSCredentials.<init>(BasicAWSCredentials.java:40)
	at com.project2.socialmedia.utiles.S3FileUtil.afterPropertiesSet(S3FileUtil.java:58)
	at org.springframework.beans.factory.support.AbstractAutowireCapableBeanFactory.invokeInitMethods(AbstractAutowireCapableBeanFactory.java:1767)
	at org.springframework.beans.factory.support.AbstractAutowireCapableBeanFactory.initializeBean(AbstractAutowireCapableBeanFactory.java:1704)
	... 55 more
2019-09-22 13:51:42 INFO  ContextLoader:270 - Root WebApplicationContext: initialization started
2019-09-22 13:51:42 INFO  XmlWebApplicationContext:590 - Refreshing Root WebApplicationContext: startup date [Sun Sep 22 13:51:42 EDT 2019]; root of context hierarchy
2019-09-22 13:51:42 INFO  XmlBeanDefinitionReader:316 - Loading XML bean definitions from ServletContext resource [/WEB-INF/applicationContext.xml]
2019-09-22 13:51:42 INFO  DefaultListableBeanFactory:824 - Overriding bean definition for bean 'userRepo' with a different definition: replacing [Generic bean: class [com.project2.socialmedia.dao.UserDAO]; scope=singleton; abstract=false; lazyInit=false; autowireMode=0; dependencyCheck=0; autowireCandidate=true; primary=false; factoryBeanName=null; factoryMethodName=null; initMethodName=null; destroyMethodName=null; defined in file [/Users/danny/Documents/workspace-sts-3.9.4.RELEASE/.metadata/.plugins/org.eclipse.wst.server.core/tmp0/wtpwebapps/Project2Spring/WEB-INF/classes/com/project2/socialmedia/dao/UserDAO.class]] with [Generic bean: class [com.project2.socialmedia.dao.UserDAO]; scope=singleton; abstract=false; lazyInit=false; autowireMode=0; dependencyCheck=0; autowireCandidate=true; primary=false; factoryBeanName=null; factoryMethodName=null; initMethodName=null; destroyMethodName=null; defined in ServletContext resource [/WEB-INF/applicationContext.xml]]
2019-09-22 13:51:42 INFO  DefaultListableBeanFactory:824 - Overriding bean definition for bean 'postRepo' with a different definition: replacing [Generic bean: class [com.project2.socialmedia.dao.PostDAO]; scope=singleton; abstract=false; lazyInit=false; autowireMode=0; dependencyCheck=0; autowireCandidate=true; primary=false; factoryBeanName=null; factoryMethodName=null; initMethodName=null; destroyMethodName=null; defined in file [/Users/danny/Documents/workspace-sts-3.9.4.RELEASE/.metadata/.plugins/org.eclipse.wst.server.core/tmp0/wtpwebapps/Project2Spring/WEB-INF/classes/com/project2/socialmedia/dao/PostDAO.class]] with [Generic bean: class [com.project2.socialmedia.dao.PostDAO]; scope=singleton; abstract=false; lazyInit=false; autowireMode=0; dependencyCheck=0; autowireCandidate=true; primary=false; factoryBeanName=null; factoryMethodName=null; initMethodName=null; destroyMethodName=null; defined in ServletContext resource [/WEB-INF/applicationContext.xml]]
2019-09-22 13:51:43 INFO  DriverManagerDataSource:153 - Loaded JDBC driver: oracle.jdbc.driver.OracleDriver
2019-09-22 13:51:44 INFO  Version:45 - HHH000412: Hibernate Core {5.2.17.Final}
2019-09-22 13:51:44 INFO  Environment:213 - HHH000206: hibernate.properties not found
2019-09-22 13:51:44 INFO  Version:66 - HCANN000001: Hibernate Commons Annotations {5.0.1.Final}
2019-09-22 13:51:45 INFO  Dialect:157 - HHH000400: Using dialect: org.hibernate.dialect.Oracle10gDialect
2019-09-22 13:51:52 WARN  XmlWebApplicationContext:558 - Exception encountered during context initialization - cancelling refresh attempt: org.springframework.beans.factory.UnsatisfiedDependencyException: Error creating bean with name 'awsSignatureController': Unsatisfied dependency expressed through field 's3Util'; nested exception is org.springframework.beans.factory.BeanCreationException: Error creating bean with name 's3Util' defined in ServletContext resource [/WEB-INF/applicationContext.xml]: Invocation of init method failed; nested exception is java.lang.IllegalArgumentException: Secret key cannot be null.
2019-09-22 13:51:52 ERROR ContextLoader:316 - Context initialization failed
org.springframework.beans.factory.UnsatisfiedDependencyException: Error creating bean with name 'awsSignatureController': Unsatisfied dependency expressed through field 's3Util'; nested exception is org.springframework.beans.factory.BeanCreationException: Error creating bean with name 's3Util' defined in ServletContext resource [/WEB-INF/applicationContext.xml]: Invocation of init method failed; nested exception is java.lang.IllegalArgumentException: Secret key cannot be null.
	at org.springframework.beans.factory.annotation.AutowiredAnnotationBeanPostProcessor$AutowiredFieldElement.inject(AutowiredAnnotationBeanPostProcessor.java:587)
	at org.springframework.beans.factory.annotation.InjectionMetadata.inject(InjectionMetadata.java:91)
	at org.springframework.beans.factory.annotation.AutowiredAnnotationBeanPostProcessor.postProcessPropertyValues(AutowiredAnnotationBeanPostProcessor.java:373)
	at org.springframework.beans.factory.support.AbstractAutowireCapableBeanFactory.populateBean(AbstractAutowireCapableBeanFactory.java:1350)
	at org.springframework.beans.factory.support.AbstractAutowireCapableBeanFactory.doCreateBean(AbstractAutowireCapableBeanFactory.java:580)
	at org.springframework.beans.factory.support.AbstractAutowireCapableBeanFactory.createBean(AbstractAutowireCapableBeanFactory.java:503)
	at org.springframework.beans.factory.support.AbstractBeanFactory.lambda$doGetBean$0(AbstractBeanFactory.java:317)
	at org.springframework.beans.factory.support.DefaultSingletonBeanRegistry.getSingleton(DefaultSingletonBeanRegistry.java:222)
	at org.springframework.beans.factory.support.AbstractBeanFactory.doGetBean(AbstractBeanFactory.java:315)
	at org.springframework.beans.factory.support.AbstractBeanFactory.getBean(AbstractBeanFactory.java:199)
	at org.springframework.beans.factory.support.DefaultListableBeanFactory.preInstantiateSingletons(DefaultListableBeanFactory.java:760)
	at org.springframework.context.support.AbstractApplicationContext.finishBeanFactoryInitialization(AbstractApplicationContext.java:869)
	at org.springframework.context.support.AbstractApplicationContext.refresh(AbstractApplicationContext.java:550)
	at org.springframework.web.context.ContextLoader.configureAndRefreshWebApplicationContext(ContextLoader.java:409)
	at org.springframework.web.context.ContextLoader.initWebApplicationContext(ContextLoader.java:291)
	at org.springframework.web.context.ContextLoaderListener.contextInitialized(ContextLoaderListener.java:103)
	at org.apache.catalina.core.StandardContext.listenerStart(StandardContext.java:4682)
	at org.apache.catalina.core.StandardContext.startInternal(StandardContext.java:5143)
	at org.apache.catalina.util.LifecycleBase.start(LifecycleBase.java:183)
	at org.apache.catalina.core.ContainerBase$StartChild.call(ContainerBase.java:1384)
	at org.apache.catalina.core.ContainerBase$StartChild.call(ContainerBase.java:1374)
	at java.util.concurrent.FutureTask.run(FutureTask.java:266)
	at org.apache.tomcat.util.threads.InlineExecutorService.execute(InlineExecutorService.java:75)
	at java.util.concurrent.AbstractExecutorService.submit(AbstractExecutorService.java:134)
	at org.apache.catalina.core.ContainerBase.startInternal(ContainerBase.java:909)
	at org.apache.catalina.core.StandardHost.startInternal(StandardHost.java:841)
	at org.apache.catalina.util.LifecycleBase.start(LifecycleBase.java:183)
	at org.apache.catalina.core.ContainerBase$StartChild.call(ContainerBase.java:1384)
	at org.apache.catalina.core.ContainerBase$StartChild.call(ContainerBase.java:1374)
	at java.util.concurrent.FutureTask.run(FutureTask.java:266)
	at org.apache.tomcat.util.threads.InlineExecutorService.execute(InlineExecutorService.java:75)
	at java.util.concurrent.AbstractExecutorService.submit(AbstractExecutorService.java:134)
	at org.apache.catalina.core.ContainerBase.startInternal(ContainerBase.java:909)
	at org.apache.catalina.core.StandardEngine.startInternal(StandardEngine.java:262)
	at org.apache.catalina.util.LifecycleBase.start(LifecycleBase.java:183)
	at org.apache.catalina.core.StandardService.startInternal(StandardService.java:421)
	at org.apache.catalina.util.LifecycleBase.start(LifecycleBase.java:183)
	at org.apache.catalina.core.StandardServer.startInternal(StandardServer.java:932)
	at org.apache.catalina.util.LifecycleBase.start(LifecycleBase.java:183)
	at org.apache.catalina.startup.Catalina.start(Catalina.java:633)
	at sun.reflect.NativeMethodAccessorImpl.invoke0(Native Method)
	at sun.reflect.NativeMethodAccessorImpl.invoke(NativeMethodAccessorImpl.java:62)
	at sun.reflect.DelegatingMethodAccessorImpl.invoke(DelegatingMethodAccessorImpl.java:43)
	at java.lang.reflect.Method.invoke(Method.java:498)
	at org.apache.catalina.startup.Bootstrap.start(Bootstrap.java:344)
	at org.apache.catalina.startup.Bootstrap.main(Bootstrap.java:475)
Caused by: org.springframework.beans.factory.BeanCreationException: Error creating bean with name 's3Util' defined in ServletContext resource [/WEB-INF/applicationContext.xml]: Invocation of init method failed; nested exception is java.lang.IllegalArgumentException: Secret key cannot be null.
	at org.springframework.beans.factory.support.AbstractAutowireCapableBeanFactory.initializeBean(AbstractAutowireCapableBeanFactory.java:1708)
	at org.springframework.beans.factory.support.AbstractAutowireCapableBeanFactory.doCreateBean(AbstractAutowireCapableBeanFactory.java:581)
	at org.springframework.beans.factory.support.AbstractAutowireCapableBeanFactory.createBean(AbstractAutowireCapableBeanFactory.java:503)
	at org.springframework.beans.factory.support.AbstractBeanFactory.lambda$doGetBean$0(AbstractBeanFactory.java:317)
	at org.springframework.beans.factory.support.DefaultSingletonBeanRegistry.getSingleton(DefaultSingletonBeanRegistry.java:222)
	at org.springframework.beans.factory.support.AbstractBeanFactory.doGetBean(AbstractBeanFactory.java:315)
	at org.springframework.beans.factory.support.AbstractBeanFactory.getBean(AbstractBeanFactory.java:199)
	at org.springframework.beans.factory.config.DependencyDescriptor.resolveCandidate(DependencyDescriptor.java:251)
	at org.springframework.beans.factory.support.DefaultListableBeanFactory.doResolveDependency(DefaultListableBeanFactory.java:1138)
	at org.springframework.beans.factory.support.DefaultListableBeanFactory.resolveDependency(DefaultListableBeanFactory.java:1065)
	at org.springframework.beans.factory.annotation.AutowiredAnnotationBeanPostProcessor$AutowiredFieldElement.inject(AutowiredAnnotationBeanPostProcessor.java:584)
	... 45 more
Caused by: java.lang.IllegalArgumentException: Secret key cannot be null.
	at com.amazonaws.auth.BasicAWSCredentials.<init>(BasicAWSCredentials.java:40)
	at com.project2.socialmedia.utiles.S3FileUtil.afterPropertiesSet(S3FileUtil.java:58)
	at org.springframework.beans.factory.support.AbstractAutowireCapableBeanFactory.invokeInitMethods(AbstractAutowireCapableBeanFactory.java:1767)
	at org.springframework.beans.factory.support.AbstractAutowireCapableBeanFactory.initializeBean(AbstractAutowireCapableBeanFactory.java:1704)
	... 55 more
2019-09-22 13:55:10 INFO  ContextLoader:270 - Root WebApplicationContext: initialization started
2019-09-22 13:55:10 INFO  XmlWebApplicationContext:590 - Refreshing Root WebApplicationContext: startup date [Sun Sep 22 13:55:10 EDT 2019]; root of context hierarchy
2019-09-22 13:55:10 INFO  XmlBeanDefinitionReader:316 - Loading XML bean definitions from ServletContext resource [/WEB-INF/applicationContext.xml]
2019-09-22 13:55:11 INFO  DefaultListableBeanFactory:824 - Overriding bean definition for bean 'userRepo' with a different definition: replacing [Generic bean: class [com.project2.socialmedia.dao.UserDAO]; scope=singleton; abstract=false; lazyInit=false; autowireMode=0; dependencyCheck=0; autowireCandidate=true; primary=false; factoryBeanName=null; factoryMethodName=null; initMethodName=null; destroyMethodName=null; defined in file [/Users/danny/Documents/workspace-sts-3.9.4.RELEASE/.metadata/.plugins/org.eclipse.wst.server.core/tmp0/wtpwebapps/Project2Spring/WEB-INF/classes/com/project2/socialmedia/dao/UserDAO.class]] with [Generic bean: class [com.project2.socialmedia.dao.UserDAO]; scope=singleton; abstract=false; lazyInit=false; autowireMode=0; dependencyCheck=0; autowireCandidate=true; primary=false; factoryBeanName=null; factoryMethodName=null; initMethodName=null; destroyMethodName=null; defined in ServletContext resource [/WEB-INF/applicationContext.xml]]
2019-09-22 13:55:11 INFO  DefaultListableBeanFactory:824 - Overriding bean definition for bean 'postRepo' with a different definition: replacing [Generic bean: class [com.project2.socialmedia.dao.PostDAO]; scope=singleton; abstract=false; lazyInit=false; autowireMode=0; dependencyCheck=0; autowireCandidate=true; primary=false; factoryBeanName=null; factoryMethodName=null; initMethodName=null; destroyMethodName=null; defined in file [/Users/danny/Documents/workspace-sts-3.9.4.RELEASE/.metadata/.plugins/org.eclipse.wst.server.core/tmp0/wtpwebapps/Project2Spring/WEB-INF/classes/com/project2/socialmedia/dao/PostDAO.class]] with [Generic bean: class [com.project2.socialmedia.dao.PostDAO]; scope=singleton; abstract=false; lazyInit=false; autowireMode=0; dependencyCheck=0; autowireCandidate=true; primary=false; factoryBeanName=null; factoryMethodName=null; initMethodName=null; destroyMethodName=null; defined in ServletContext resource [/WEB-INF/applicationContext.xml]]
2019-09-22 13:55:11 INFO  DriverManagerDataSource:153 - Loaded JDBC driver: oracle.jdbc.driver.OracleDriver
2019-09-22 13:55:12 INFO  Version:45 - HHH000412: Hibernate Core {5.2.17.Final}
2019-09-22 13:55:12 INFO  Environment:213 - HHH000206: hibernate.properties not found
2019-09-22 13:55:12 INFO  Version:66 - HCANN000001: Hibernate Commons Annotations {5.0.1.Final}
2019-09-22 13:55:13 INFO  Dialect:157 - HHH000400: Using dialect: org.hibernate.dialect.Oracle10gDialect
2019-09-22 13:55:21 INFO  RequestMappingHandlerMapping:547 - Mapped "{[/s3/{fileName}],methods=[PUT]}" onto public java.lang.String com.project2.socialmedia.controller.AwsSignatureController.createSignedPutUrl(java.lang.String)
2019-09-22 13:55:21 INFO  RequestMappingHandlerMapping:547 - Mapped "{[/s3/{fileName}],methods=[GET]}" onto public java.lang.String com.project2.socialmedia.controller.AwsSignatureController.createSignedGetUrl(java.lang.String)
2019-09-22 13:55:21 INFO  RequestMappingHandlerMapping:547 - Mapped "{[/s3/{fileName}],methods=[POST]}" onto public java.lang.String com.project2.socialmedia.controller.AwsSignatureController.createSignedPostUrl(java.lang.String)
2019-09-22 13:55:21 INFO  RequestMappingHandlerMapping:547 - Mapped "{[/passwordReset],methods=[POST]}" onto public void com.project2.socialmedia.controller.ChangePasswordController.resetPassword(com.project2.socialmedia.response.Credentials)
2019-09-22 13:55:21 INFO  RequestMappingHandlerMapping:547 - Mapped "{[/email],methods=[POST]}" onto public void com.project2.socialmedia.controller.EmailUserController.sendMail(com.project2.socialmedia.response.UserChange,javax.servlet.http.HttpSession)
2019-09-22 13:55:21 INFO  RequestMappingHandlerMapping:547 - Mapped "{[/getLoggedInUser/{username}],methods=[GET]}" onto public com.project2.socialmedia.model.Users com.project2.socialmedia.controller.GetLoggedInUserController.getLoggedInUser(java.lang.String)
2019-09-22 13:55:21 INFO  RequestMappingHandlerMapping:547 - Mapped "{[/getProfilePic/{username}],methods=[GET]}" onto public java.lang.String com.project2.socialmedia.controller.GetProfileImageController.getImageName(java.lang.String)
2019-09-22 13:55:21 INFO  RequestMappingHandlerMapping:547 - Mapped "{[/login],methods=[POST]}" onto public com.project2.socialmedia.response.Result com.project2.socialmedia.controller.LoginController.login(com.project2.socialmedia.response.Credentials,javax.servlet.http.HttpSession)
2019-09-22 13:55:21 INFO  RequestMappingHandlerMapping:547 - Mapped "{[/register],methods=[POST]}" onto public void com.project2.socialmedia.controller.RegisterUserController.registerUser(com.project2.socialmedia.model.Users)
2019-09-22 13:55:21 INFO  RequestMappingHandlerMapping:547 - Mapped "{[/updateImage],methods=[POST]}" onto public void com.project2.socialmedia.controller.UpdateProfileImageController.updateImage(com.project2.socialmedia.response.Image)
2019-09-22 13:55:21 INFO  RequestMappingHandlerMapping:547 - Mapped "{[/getUsers],methods=[GET]}" onto public java.util.List<com.project2.socialmedia.model.Users> com.project2.socialmedia.controller.UserInformationController.getAllUser()
2019-09-22 13:55:21 INFO  RequestMappingHandlerMapping:547 - Mapped "{[/updateUser],methods=[POST]}" onto public void com.project2.socialmedia.controller.UserUpdateInformationController.updateUser(com.project2.socialmedia.model.Users,javax.servlet.http.HttpSession)
2019-09-22 13:55:21 INFO  RequestMappingHandlerAdapter:574 - Looking for @ControllerAdvice: Root WebApplicationContext: startup date [Sun Sep 22 13:55:10 EDT 2019]; root of context hierarchy
2019-09-22 13:55:22 INFO  RequestMappingHandlerAdapter:574 - Looking for @ControllerAdvice: Root WebApplicationContext: startup date [Sun Sep 22 13:55:10 EDT 2019]; root of context hierarchy
2019-09-22 13:55:22 INFO  HibernateTransactionManager:378 - Using DataSource [org.springframework.jdbc.datasource.DriverManagerDataSource@a678263] of Hibernate SessionFactory for HibernateTransactionManager
2019-09-22 13:55:22 INFO  ContextLoader:310 - Root WebApplicationContext: initialization completed in 11707 ms
2019-09-22 13:57:07 INFO  DispatcherServlet:494 - FrameworkServlet 'dispatcher': initialization started
2019-09-22 13:57:07 INFO  XmlWebApplicationContext:590 - Refreshing WebApplicationContext for namespace 'dispatcher-servlet': startup date [Sun Sep 22 13:57:07 EDT 2019]; parent: Root WebApplicationContext
2019-09-22 13:57:07 INFO  XmlBeanDefinitionReader:316 - Loading XML bean definitions from ServletContext resource [/WEB-INF/dispatcher-servlet.xml]
2019-09-22 13:57:07 INFO  DispatcherServlet:509 - FrameworkServlet 'dispatcher': initialization completed in 101 ms
2019-09-22 13:57:08 INFO  QueryTranslatorFactoryInitiator:47 - HHH000397: Using ASTQueryTranslatorFactory
2019-09-22 13:57:09 INFO  LoggingAspect:22 - A user has logged in.
2019-09-22 13:58:13 WARN  PageNotFound:1205 - No mapping found for HTTP request with URI [/Project2Spring/api/s3/%3C!doctype%20html%3E%3Chtml%20lang=%22en%22%3E%3Chead%3E%3Ctitle%3EHTTP%20Status%20500%20%E2%80%93%20Internal%20Server%20Error%3C/title%3E%3Cstyle%20type=%22text/css%22%3Eh1%20%7Bfont-family:Tahoma,Arial,sans-serif;color:white;background-color:] in DispatcherServlet with name 'dispatcher'
2019-09-22 13:58:16 INFO  LoggingAspect:22 - A user has logged in.
2019-09-22 13:58:16 WARN  PageNotFound:1205 - No mapping found for HTTP request with URI [/Project2Spring/api/getLoggedInUserthedude] in DispatcherServlet with name 'dispatcher'
2019-09-22 13:59:22 INFO  LoggingAspect:22 - A user has logged in.
2019-09-22 14:01:42 INFO  XmlWebApplicationContext:993 - Closing WebApplicationContext for namespace 'dispatcher-servlet': startup date [Sun Sep 22 13:57:07 EDT 2019]; parent: Root WebApplicationContext
2019-09-22 14:01:42 INFO  XmlWebApplicationContext:993 - Closing Root WebApplicationContext: startup date [Sun Sep 22 13:55:10 EDT 2019]; root of context hierarchy
